Configuration file: /Users/pablovallbona/Documents/GitHub/ada-template-website/_config.yml
To use retry middleware with Faraday v2.0+, install `faraday-retry` gem
            Source: /Users/pablovallbona/Documents/GitHub/ada-template-website
       Destination: /Users/pablovallbona/Documents/GitHub/ada-template-website/_site
 Incremental build: disabled. Enable with --incremental
      Generating... 
[33m   GitHub Metadata: No GitHub API authentication could be found. Some fields may be missing or have incorrect data.[0m
                    done in 17.599 seconds.
 Auto-regeneration: enabled for '/Users/pablovallbona/Documents/GitHub/ada-template-website'
    Server address: http://127.0.0.1:4000
  Server running... press ctrl-c to stop.
      Regenerating: 1 file(s) changed at 2025-12-01 13:48:03
                    jekyll.log
                    ...done in 6.327115 seconds.
                    
      Regenerating: 1 file(s) changed at 2025-12-01 13:48:09
                    jekyll.log
                    ...done in 4.622004 seconds.
                    
      Regenerating: 1 file(s) changed at 2025-12-01 13:48:14
                    jekyll.log
                    ...done in 0.869693 seconds.
                    
      Regenerating: 1 file(s) changed at 2025-12-01 13:48:19
                    jekyll.log
                    ...done in 3.716375 seconds.
                    
      Regenerating: 1 file(s) changed at 2025-12-01 13:48:24
                    jekyll.log
                    ...done in 3.716778 seconds.
                    
      Regenerating: 1 file(s) changed at 2025-12-01 13:48:29
                    jekyll.log
                    ...done in 3.607111 seconds.
                    
      Regenerating: 1 file(s) changed at 2025-12-01 13:48:33
                    jekyll.log
                    ...done in 3.683945 seconds.
                    
      Regenerating: 1 file(s) changed at 2025-12-01 13:48:38
                    jekyll.log
                    ...done in 3.615615 seconds.
                    
      Regenerating: 1 file(s) changed at 2025-12-01 13:48:42
                    jekyll.log
                    ...done in 3.741158 seconds.
                    
      Regenerating: 1 file(s) changed at 2025-12-01 13:48:47
                    jekyll.log
                    ...done in 3.630561 seconds.
                    
      Regenerating: 1 file(s) changed at 2025-12-01 13:49:13
                    jekyll.log
                    ...done in 4.589356 seconds.
                    
      Regenerating: 1 file(s) changed at 2025-12-01 13:50:22
                    jekyll.log
                    ...done in 6.103091 seconds.
                    
      Regenerating: 1 file(s) changed at 2025-12-01 13:50:28
                    jekyll.log
                    ...done in 5.241874 seconds.
                    
      Regenerating: 1 file(s) changed at 2025-12-01 13:50:34
                    jekyll.log
                    ...done in 3.932913 seconds.
                    
      Regenerating: 1 file(s) changed at 2025-12-01 13:50:38
                    jekyll.log
                    ...done in 0.940165 seconds.
                    
      Regenerating: 1 file(s) changed at 2025-12-01 13:50:40
                    jekyll.log
                    ...done in 3.663385 seconds.
                    
      Regenerating: 1 file(s) changed at 2025-12-01 13:51:26
                    README.md
                    ...done in 6.158041 seconds.
                    
      Regenerating: 1 file(s) changed at 2025-12-01 13:51:32
                    jekyll.log
                    ...done in 5.621053 seconds.
                    
      Regenerating: 2 file(s) changed at 2025-12-01 13:51:38
                    jekyll.log
                    README.md
                    ...done in 5.339636 seconds.
                    
      Regenerating: 1 file(s) changed at 2025-12-01 13:51:43
                    jekyll.log
                    ...done in 5.19178 seconds.
                    
      Regenerating: 1 file(s) changed at 2025-12-01 13:51:49
                    jekyll.log
                    ...done in 2.228499 seconds.
                    
      Regenerating: 1 file(s) changed at 2025-12-01 13:53:03
                    jekyll.log
                    ...done in 4.597134 seconds.
                    
      Regenerating: 1 file(s) changed at 2025-12-01 13:53:53
                    jekyll.log
                    ...done in 4.687268 seconds.
                    
      Regenerating: 1 file(s) changed at 2025-12-01 13:59:43
                    jekyll.log
                    ...done in 6.078113 seconds.
                    
      Regenerating: 1 file(s) changed at 2025-12-01 13:59:49
                    jekyll.log
                    ...done in 5.435964 seconds.
                    
      Regenerating: 1 file(s) changed at 2025-12-01 13:59:55
                    jekyll.log
                    ...done in 3.608253 seconds.
                    
      Regenerating: 1 file(s) changed at 2025-12-01 13:59:58
                    jekyll.log
                    ...done in 3.451379 seconds.
                    
      Regenerating: 1 file(s) changed at 2025-12-01 14:00:02
                    jekyll.log
                    ...done in 3.589803 seconds.
                    
      Regenerating: 1 file(s) changed at 2025-12-01 14:00:06
                    jekyll.log
                    ...done in 3.765336 seconds.
                    
      Regenerating: 1 file(s) changed at 2025-12-01 14:00:10
                    jekyll.log
                    ...done in 3.63259 seconds.
                    
      Regenerating: 1 file(s) changed at 2025-12-01 14:03:20
                    .gitignore
                    ...done in 4.610385 seconds.
                    
      Regenerating: 1 file(s) changed at 2025-12-01 14:03:24
                    jekyll.log
                    ...done in 0.785367 seconds.
                    
      Regenerating: 1 file(s) changed at 2025-12-01 14:03:42
                    README.md
                    ...done in 4.732341 seconds.
                    
      Regenerating: 1 file(s) changed at 2025-12-01 14:03:47
                    jekyll.log
                    ...done in 0.71251 seconds.
                    
      Regenerating: 1 file(s) changed at 2025-12-01 14:03:48
                    README.md
                    ...done in 3.483016 seconds.
                    
      Regenerating: 1 file(s) changed at 2025-12-01 14:03:52
                    jekyll.log
                    ...done in 3.581458 seconds.
                    
      Regenerating: 2 file(s) changed at 2025-12-01 14:03:55
                    .gitignore
                    jekyll.log
                    ...done in 3.734463 seconds.
                    
      Regenerating: 2 file(s) changed at 2025-12-01 14:03:59
                    README.md
                    .gitignore
                    ...done in 3.718403 seconds.
                    
      Regenerating: 1 file(s) changed at 2025-12-01 14:04:03
                    jekyll.log
